<?xml version="1.0" encoding="UTF-8"?>
<!-- Generated by org.testng.reporters.JUnitReportReporter -->
<testsuite hostname="MSI" failures="0" tests="1" name="Project.ProjectLuma.ChangePassword" time="31.715" errors="0" timestamp="2024-08-01T11:24:34 IST" skipped="0">
  <testcase classname="Project.ProjectLuma.ChangePassword" name="changePassword" time="31.715"/>
  <system-out/>
</testsuite> <!-- Project.ProjectLuma.ChangePassword -->
