<?xml version="1.0" encoding="UTF-8"?>
<!-- Generated by org.testng.reporters.JUnitReportReporter -->
<testsuite hostname="MSI" failures="0" tests="1" name="Project.ProjectLuma.Category" time="35.520" errors="0" timestamp="2024-08-01T17:02:39 IST" skipped="0">
  <testcase classname="Project.ProjectLuma.Category" name="verifyProductCategoriesAccessible" time="35.520"/>
  <system-out/>
</testsuite> <!-- Project.ProjectLuma.Category -->
