<?xml version="1.0" encoding="UTF-8"?>
<!-- Generated by org.testng.reporters.JUnitReportReporter -->
<testsuite hostname="MSI" failures="0" tests="1" name="Project.ProjectLuma.ScrollPage" time="22.747" errors="0" timestamp="2024-08-01T12:07:02 IST" skipped="0">
  <testcase classname="Project.ProjectLuma.ScrollPage" name="scrollToBottom" time="22.747"/>
  <system-out/>
</testsuite> <!-- Project.ProjectLuma.ScrollPage -->
