<?xml version="1.0" encoding="UTF-8"?>
<!-- Generated by org.testng.reporters.JUnitReportReporter -->
<testsuite hostname="MSI" failures="0" tests="1" name="Project.ProjectLuma.WomenDropDown" time="26.932" errors="0" timestamp="2024-08-01T20:22:26 IST" skipped="0">
  <testcase classname="Project.ProjectLuma.WomenDropDown" name="womenDropDownSelectItem" time="26.932"/>
  <system-out/>
</testsuite> <!-- Project.ProjectLuma.WomenDropDown -->
