<?xml version="1.0" encoding="UTF-8"?>
<!-- Generated by org.testng.reporters.JUnitReportReporter -->
<testsuite hostname="MSI" failures="0" tests="1" name="Project.ProjectLuma.AddToWishlist" time="23.295" errors="0" timestamp="2024-08-01T15:10:22 IST" skipped="0">
  <testcase classname="Project.ProjectLuma.AddToWishlist" name="addToWishlist" time="23.295"/>
  <system-out/>
</testsuite> <!-- Project.ProjectLuma.AddToWishlist -->
