<?xml version="1.0" encoding="UTF-8"?>
<!-- Generated by org.testng.reporters.JUnitReportReporter -->
<testsuite hostname="MSI" failures="0" tests="1" name="Project.ProjectLuma.SignOut" time="24.693" errors="0" timestamp="2024-08-01T11:58:19 IST" skipped="0">
  <testcase classname="Project.ProjectLuma.SignOut" name="signOut" time="24.693"/>
  <system-out/>
</testsuite> <!-- Project.ProjectLuma.SignOut -->
