<?xml version="1.0" encoding="UTF-8"?>
<!-- Generated by org.testng.reporters.JUnitReportReporter -->
<testsuite hostname="MSI" failures="0" tests="1" name="Project.ProjectLuma.HomePage" time="6.123" errors="0" timestamp="2024-08-01T15:49:16 IST" skipped="0">
  <testcase classname="Project.ProjectLuma.HomePage" name="verifyHomePageLoadsCorrectly" time="6.123"/>
  <system-out/>
</testsuite> <!-- Project.ProjectLuma.HomePage -->
