<?xml version="1.0" encoding="UTF-8"?>
<!-- Generated by org.testng.reporters.JUnitReportReporter -->
<testsuite hostname="MSI" failures="0" tests="1" name="Project.ProjectLuma.SearchTheShirt" time="12.867" errors="0" timestamp="2024-07-31T16:35:13 IST" skipped="0">
  <testcase classname="Project.ProjectLuma.SearchTheShirt" name="verifySearchFunctionality" time="12.867"/>
  <system-out/>
</testsuite> <!-- Project.ProjectLuma.SearchTheShirt -->
