<?xml version="1.0" encoding="UTF-8"?>
<!-- Generated by org.testng.reporters.JUnitReportReporter -->
<testsuite hostname="MSI" failures="0" tests="1" name="Project.ProjectLuma.AddToCart" time="23.055" errors="0" timestamp="2024-08-01T11:41:47 IST" skipped="0">
  <testcase classname="Project.ProjectLuma.AddToCart" name="addProductToCart" time="23.055"/>
  <system-out/>
</testsuite> <!-- Project.ProjectLuma.AddToCart -->
