<?xml version="1.0" encoding="UTF-8"?>
<!-- Generated by org.testng.reporters.JUnitReportReporter -->
<testsuite hostname="MSI" failures="0" tests="1" name="Project.ProjectLuma.DeleteTheCart" time="18.613" errors="0" timestamp="2024-08-01T11:18:13 IST" skipped="0">
  <testcase classname="Project.ProjectLuma.DeleteTheCart" name="deleteCart" time="18.613"/>
  <system-out/>
</testsuite> <!-- Project.ProjectLuma.DeleteTheCart -->
