<?xml version="1.0" encoding="UTF-8"?>
<!-- Generated by org.testng.reporters.JUnitReportReporter -->
<testsuite hostname="MSI" failures="0" tests="1" name="Project.ProjectLuma.MenDropDown" time="25.070" errors="0" timestamp="2024-08-01T21:43:56 IST" skipped="0">
  <testcase classname="Project.ProjectLuma.MenDropDown" name="menDropdownSelectItem" time="25.070"/>
  <system-out/>
</testsuite> <!-- Project.ProjectLuma.MenDropDown -->
