<?xml version="1.0" encoding="UTF-8"?>
<!-- Generated by org.testng.reporters.JUnitReportReporter -->
<testsuite hostname="MSI" failures="0" tests="2" name="Project.ProjectLuma.SelectProduct" time="5.575" errors="0" timestamp="2024-08-01T19:40:00 IST" skipped="0">
  <testcase classname="Project.ProjectLuma.SelectProduct" name="searchAndSelectProductNegative" time="1.510"/>
  <system-out/>
  <testcase classname="Project.ProjectLuma.SelectProduct" name="searchAndSelectProduct" time="4.065"/>
  <system-out/>
</testsuite> <!-- Project.ProjectLuma.SelectProduct -->
