<?xml version="1.0" encoding="UTF-8"?>
<!-- Generated by org.testng.reporters.JUnitReportReporter -->
<testsuite hostname="MSI" failures="0" tests="1" name="Project.ProjectLuma.LastNameChange" time="27.883" errors="0" timestamp="2024-08-01T21:37:38 IST" skipped="0">
  <testcase classname="Project.ProjectLuma.LastNameChange" name="updateLastName" time="27.883"/>
  <system-out/>
</testsuite> <!-- Project.ProjectLuma.LastNameChange -->
