<?xml version="1.0" encoding="UTF-8"?>
<!-- Generated by org.testng.reporters.JUnitReportReporter -->
<testsuite hostname="MSI" failures="0" tests="1" name="Project.ProjectLuma.OrderHistory" time="19.284" errors="0" timestamp="2024-08-01T12:45:27 IST" skipped="0">
  <testcase classname="Project.ProjectLuma.OrderHistory" name="verifyOrderHistory" time="19.284"/>
  <system-out/>
</testsuite> <!-- Project.ProjectLuma.OrderHistory -->
