<?xml version="1.0" encoding="UTF-8"?>
<!-- Generated by org.testng.reporters.JUnitReportReporter -->
<testsuite hostname="MSI" failures="0" tests="1" name="Project.ProjectLuma.SortBy" time="36.991" errors="0" timestamp="2024-08-01T12:37:31 IST" skipped="0">
  <testcase classname="Project.ProjectLuma.SortBy" name="sortByDropDown" time="36.991"/>
  <system-out/>
</testsuite> <!-- Project.ProjectLuma.SortBy -->
