<?xml version="1.0" encoding="UTF-8"?>
<!-- Generated by org.testng.reporters.JUnitReportReporter -->
<testsuite hostname="MSI" failures="0" tests="1" name="Project.ProjectLuma.DeleteToWishlist" time="40.753" errors="0" timestamp="2024-08-01T15:11:19 IST" skipped="0">
  <testcase classname="Project.ProjectLuma.DeleteToWishlist" name="deleteWishList" time="40.753"/>
  <system-out/>
</testsuite> <!-- Project.ProjectLuma.DeleteToWishlist -->
