<?xml version="1.0" encoding="UTF-8"?>
<!-- Generated by org.testng.reporters.JUnitReportReporter -->
<testsuite hostname="MSI" failures="0" tests="1" name="Project.ProjectLuma.InvalidSearch" time="17.306" errors="0" timestamp="2024-08-01T20:48:49 IST" skipped="0">
  <testcase classname="Project.ProjectLuma.InvalidSearch" name="testInvalidSearch" time="17.306"/>
  <system-out/>
</testsuite> <!-- Project.ProjectLuma.InvalidSearch -->
