<?xml version="1.0" encoding="UTF-8"?>
<!-- Generated by org.testng.reporters.JUnitReportReporter -->
<testsuite hostname="MSI" failures="0" tests="1" name="Project.ProjectLuma.SortPrice" time="30.491" errors="0" timestamp="2024-08-01T20:37:31 IST" skipped="0">
  <testcase classname="Project.ProjectLuma.SortPrice" name="verifyHomePageLoadsCorrectly" time="30.491"/>
  <system-out/>
</testsuite> <!-- Project.ProjectLuma.SortPrice -->
